<?xml version="1.0" encoding="UTF-8" ?>
<testsuite errors="2" failures="0" hostname="effd08a1f4c6" name="com.test.TitleCheck_FireFox" skipped="0" tests="1" time="12.747" timestamp="2015-10-15T13:18:57">
  <properties>
[...]
</properties>
  <testcase classname="com.test.TitleCheck_FireFox" name="titleCheck" time="12.587">
    <error message="Could not start a new session. Possible causes are invalid address of the remote server or browser start-up failure.&#xa;Build info: version: &apos;2.44.0&apos;, revision: &apos;76d78cf&apos;, time: &apos;2014-10-23 20:02:37&apos;&#xa;System info: host: &apos;effd08a1f4c6&apos;, ip: &apos;172.17.0.197&apos;, os.name: &apos;Linux&apos;, os.arch: &apos;amd64&apos;, os.version: &apos;3.13.0-24-generic&apos;, java.version: &apos;1.7.0_79&apos;&#xa;Driver info: driver.version: RemoteWebDriver" type="org.openqa.selenium.remote.UnreachableBrowserException">org.openqa.selenium.remote.UnreachableBrowserException: Could not start a new session. Possible causes are invalid address of the remote server or browser start-up failure.
Build info: version: &apos;2.44.0&apos;, revision: &apos;76d78cf&apos;, time: &apos;2014-10-23 20:02:37&apos;
System info: host: &apos;effd08a1f4c6&apos;, ip: &apos;172.17.0.197&apos;, os.name: &apos;Linux&apos;, os.arch: &apos;amd64&apos;, os.version: &apos;3.13.0-24-generic&apos;, java.version: &apos;1.7.0_79&apos;
Driver info: driver.version: RemoteWebDriver
	at org.openqa.selenium.remote.RemoteWebDriver.execute(RemoteWebDriver.java:593)
	at org.openqa.selenium.remote.RemoteWebDriver.startSession(RemoteWebDriver.java:240)
	at org.openqa.selenium.remote.RemoteWebDriver.&lt;init&gt;(RemoteWebDriver.java:126)
	at org.openqa.selenium.remote.RemoteWebDriver.&lt;init&gt;(RemoteWebDriver.java:153)
	at com.test.TitleCheck_FireFox.first(TitleCheck_FireFox.java:25)
Caused by: java.net.NoRouteToHostException: No route to host
	at java.net.PlainSocketImpl.socketConnect(Native Method)
	at java.net.AbstractPlainSocketImpl.doConnect(AbstractPlainSocketImpl.java:339)
	at java.net.AbstractPlainSocketImpl.connectToAddress(AbstractPlainSocketImpl.java:200)
	at java.net.AbstractPlainSocketImpl.connect(AbstractPlainSocketImpl.java:182)
	at java.net.SocksSocketImpl.connect(SocksSocketImpl.java:392)
	at java.net.Socket.connect(Socket.java:579)
	at org.apache.http.conn.socket.PlainConnectionSocketFactory.connectSocket(PlainConnectionSocketFactory.java:72)
	at org.apache.http.impl.conn.HttpClientConnectionOperator.connect(HttpClientConnectionOperator.java:123)
	at org.apache.http.impl.conn.PoolingHttpClientConnectionManager.connect(PoolingHttpClientConnectionManager.java:318)
	at org.apache.http.impl.execchain.MainClientExec.establishRoute(MainClientExec.java:363)
	at org.apache.http.impl.execchain.MainClientExec.execute(MainClientExec.java:219)
	at org.apache.http.impl.execchain.ProtocolExec.execute(ProtocolExec.java:195)
	at org.apache.http.impl.execchain.RetryExec.execute(RetryExec.java:86)
	at org.apache.http.impl.execchain.RedirectExec.execute(RedirectExec.java:108)
	at org.apache.http.impl.client.InternalHttpClient.doExecute(InternalHttpClient.java:184)
	at org.apache.http.impl.client.CloseableHttpClient.execute(CloseableHttpClient.java:72)
	at org.apache.http.impl.client.CloseableHttpClient.execute(CloseableHttpClient.java:57)
	at org.openqa.selenium.remote.HttpCommandExecutor.fallBackExecute(HttpCommandExecutor.java:215)
	at org.openqa.selenium.remote.HttpCommandExecutor.execute(HttpCommandExecutor.java:184)
	at org.openqa.selenium.remote.RemoteWebDriver.execute(RemoteWebDriver.java:572)
</error>
    <error type="java.lang.NullPointerException">java.lang.NullPointerException
	at com.test.TitleCheck_FireFox.tearDown(TitleCheck_FireFox.java:38)
</error>
  </testcase>
  <system-out><![CDATA[]]></system-out>
  <system-err><![CDATA[Oct 15, 2015 1:19:00 PM org.apache.http.impl.execchain.RetryExec execute
INFO: I/O exception (java.net.NoRouteToHostException) caught when processing request to {}->http://172.17.0.184:4444: No route to host
Oct 15, 2015 1:19:00 PM org.apache.http.impl.execchain.RetryExec execute
INFO: Retrying request to {}->http://172.17.0.184:4444
Oct 15, 2015 1:19:03 PM org.apache.http.impl.execchain.RetryExec execute
INFO: I/O exception (java.net.NoRouteToHostException) caught when processing request to {}->http://172.17.0.184:4444: No route to host
Oct 15, 2015 1:19:03 PM org.apache.http.impl.execchain.RetryExec execute
INFO: Retrying request to {}->http://172.17.0.184:4444
Oct 15, 2015 1:19:06 PM org.apache.http.impl.execchain.RetryExec execute
INFO: I/O exception (java.net.NoRouteToHostException) caught when processing request to {}->http://172.17.0.184:4444: No route to host
Oct 15, 2015 1:19:06 PM org.apache.http.impl.execchain.RetryExec execute
INFO: Retrying request to {}->http://172.17.0.184:4444
]]></system-err>
</testsuite>
